2014/08/25 17:26:13 [error] [exception.CHttpException.404] exception 'CHttpException' with message 'Unable to resolve the request "post".' in /Users/inso/Sites/33slona.i/framework/web/CWebApplication.php:286
Stack trace:
#0 /Users/inso/Sites/33slona.i/framework/web/CWebApplication.php(141): CWebApplication->runController('')
#1 /Users/inso/Sites/33slona.i/framework/base/CApplication.php(180): CWebApplication->processRequest()
#2 /Users/inso/Sites/33slona.i/index.php(12): CApplication->run()
#3 {main}
REQUEST_URI=/
---
2014/08/25 17:26:14 [error] [exception.CHttpException.404] exception 'CHttpException' with message 'Unable to resolve the request "post".' in /Users/inso/Sites/33slona.i/framework/web/CWebApplication.php:286
Stack trace:
#0 /Users/inso/Sites/33slona.i/framework/web/CWebApplication.php(141): CWebApplication->runController('')
#1 /Users/inso/Sites/33slona.i/framework/base/CApplication.php(180): CWebApplication->processRequest()
#2 /Users/inso/Sites/33slona.i/index.php(12): CApplication->run()
#3 {main}
REQUEST_URI=/
---
2014/08/25 17:54:44 [error] [exception.CHttpException.404] exception 'CHttpException' with message 'The system is unable to find the requested action "index".' in /Users/inso/Sites/33slona.i/framework/web/CController.php:483
Stack trace:
#0 /Users/inso/Sites/33slona.i/framework/web/CController.php(270): CController->missingAction('')
#1 /Users/inso/Sites/33slona.i/framework/web/CWebApplication.php(282): CController->run('')
#2 /Users/inso/Sites/33slona.i/framework/web/CWebApplication.php(141): CWebApplication->runController('')
#3 /Users/inso/Sites/33slona.i/framework/base/CApplication.php(180): CWebApplication->processRequest()
#4 /Users/inso/Sites/33slona.i/index.php(12): CApplication->run()
#5 {main}
REQUEST_URI=/
---
2014/08/25 17:54:44 [error] [exception.CHttpException.404] exception 'CHttpException' with message 'Unable to resolve the request "css/main.css".' in /Users/inso/Sites/33slona.i/framework/web/CWebApplication.php:286
Stack trace:
#0 /Users/inso/Sites/33slona.i/framework/web/CWebApplication.php(141): CWebApplication->runController('css/main.css')
#1 /Users/inso/Sites/33slona.i/framework/base/CApplication.php(180): CWebApplication->processRequest()
#2 /Users/inso/Sites/33slona.i/index.php(12): CApplication->run()
#3 {main}
REQUEST_URI=/css/main.css
HTTP_REFERER=http://33slona.i/
---
2014/08/25 17:54:44 [error] [exception.CHttpException.404] exception 'CHttpException' with message 'Unable to resolve the request "css/form.css".' in /Users/inso/Sites/33slona.i/framework/web/CWebApplication.php:286
Stack trace:
#0 /Users/inso/Sites/33slona.i/framework/web/CWebApplication.php(141): CWebApplication->runController('css/form.css')
#1 /Users/inso/Sites/33slona.i/framework/base/CApplication.php(180): CWebApplication->processRequest()
#2 /Users/inso/Sites/33slona.i/index.php(12): CApplication->run()
#3 {main}
REQUEST_URI=/css/form.css
HTTP_REFERER=http://33slona.i/
---
2014/08/25 17:54:44 [error] [exception.CHttpException.404] exception 'CHttpException' with message 'Unable to resolve the request "css/screen.css".' in /Users/inso/Sites/33slona.i/framework/web/CWebApplication.php:286
Stack trace:
#0 /Users/inso/Sites/33slona.i/framework/web/CWebApplication.php(141): CWebApplication->runController('css/screen.css')
#1 /Users/inso/Sites/33slona.i/framework/base/CApplication.php(180): CWebApplication->processRequest()
#2 /Users/inso/Sites/33slona.i/index.php(12): CApplication->run()
#3 {main}
REQUEST_URI=/css/screen.css
HTTP_REFERER=http://33slona.i/
---
2014/08/25 17:54:44 [error] [exception.CHttpException.404] exception 'CHttpException' with message 'Unable to resolve the request "css/print.css".' in /Users/inso/Sites/33slona.i/framework/web/CWebApplication.php:286
Stack trace:
#0 /Users/inso/Sites/33slona.i/framework/web/CWebApplication.php(141): CWebApplication->runController('css/print.css')
#1 /Users/inso/Sites/33slona.i/framework/base/CApplication.php(180): CWebApplication->processRequest()
#2 /Users/inso/Sites/33slona.i/index.php(12): CApplication->run()
#3 {main}
REQUEST_URI=/css/print.css
HTTP_REFERER=http://33slona.i/
---
2014/08/25 17:54:51 [error] [exception.CHttpException.404] exception 'CHttpException' with message 'The system is unable to find the requested action "index".' in /Users/inso/Sites/33slona.i/framework/web/CController.php:483
Stack trace:
#0 /Users/inso/Sites/33slona.i/framework/web/CController.php(270): CController->missingAction('')
#1 /Users/inso/Sites/33slona.i/framework/web/CWebApplication.php(282): CController->run('')
#2 /Users/inso/Sites/33slona.i/framework/web/CWebApplication.php(141): CWebApplication->runController('')
#3 /Users/inso/Sites/33slona.i/framework/base/CApplication.php(180): CWebApplication->processRequest()
#4 /Users/inso/Sites/33slona.i/index.php(12): CApplication->run()
#5 {main}
REQUEST_URI=/
---
2014/08/25 17:54:51 [error] [exception.CHttpException.404] exception 'CHttpException' with message 'Unable to resolve the request "css/main.css".' in /Users/inso/Sites/33slona.i/framework/web/CWebApplication.php:286
Stack trace:
#0 /Users/inso/Sites/33slona.i/framework/web/CWebApplication.php(141): CWebApplication->runController('css/main.css')
#1 /Users/inso/Sites/33slona.i/framework/base/CApplication.php(180): CWebApplication->processRequest()
#2 /Users/inso/Sites/33slona.i/index.php(12): CApplication->run()
#3 {main}
REQUEST_URI=/css/main.css
HTTP_REFERER=http://33slona.i/
---
2014/08/25 17:54:51 [error] [exception.CHttpException.404] exception 'CHttpException' with message 'Unable to resolve the request "css/form.css".' in /Users/inso/Sites/33slona.i/framework/web/CWebApplication.php:286
Stack trace:
#0 /Users/inso/Sites/33slona.i/framework/web/CWebApplication.php(141): CWebApplication->runController('css/form.css')
#1 /Users/inso/Sites/33slona.i/framework/base/CApplication.php(180): CWebApplication->processRequest()
#2 /Users/inso/Sites/33slona.i/index.php(12): CApplication->run()
#3 {main}
REQUEST_URI=/css/form.css
HTTP_REFERER=http://33slona.i/
---
2014/08/25 17:54:51 [error] [exception.CHttpException.404] exception 'CHttpException' with message 'Unable to resolve the request "css/screen.css".' in /Users/inso/Sites/33slona.i/framework/web/CWebApplication.php:286
Stack trace:
#0 /Users/inso/Sites/33slona.i/framework/web/CWebApplication.php(141): CWebApplication->runController('css/screen.css')
#1 /Users/inso/Sites/33slona.i/framework/base/CApplication.php(180): CWebApplication->processRequest()
#2 /Users/inso/Sites/33slona.i/index.php(12): CApplication->run()
#3 {main}
REQUEST_URI=/css/screen.css
HTTP_REFERER=http://33slona.i/
---
2014/08/25 17:54:51 [error] [exception.CHttpException.404] exception 'CHttpException' with message 'Unable to resolve the request "css/print.css".' in /Users/inso/Sites/33slona.i/framework/web/CWebApplication.php:286
Stack trace:
#0 /Users/inso/Sites/33slona.i/framework/web/CWebApplication.php(141): CWebApplication->runController('css/print.css')
#1 /Users/inso/Sites/33slona.i/framework/base/CApplication.php(180): CWebApplication->processRequest()
#2 /Users/inso/Sites/33slona.i/index.php(12): CApplication->run()
#3 {main}
REQUEST_URI=/css/print.css
HTTP_REFERER=http://33slona.i/
---
2014/08/25 18:00:22 [error] [exception.CHttpException.404] exception 'CHttpException' with message 'Unable to resolve the request "css/backend/signin.css".' in /Users/inso/Sites/33slona.i/framework/web/CWebApplication.php:286
Stack trace:
#0 /Users/inso/Sites/33slona.i/framework/web/CWebApplication.php(141): CWebApplication->runController('css/backend/sig...')
#1 /Users/inso/Sites/33slona.i/framework/base/CApplication.php(180): CWebApplication->processRequest()
#2 /Users/inso/Sites/33slona.i/index.php(12): CApplication->run()
#3 {main}
REQUEST_URI=/css/backend/signin.css
HTTP_REFERER=http://33slona.i/index.php/login
---
2014/08/25 18:00:22 [error] [exception.CHttpException.404] exception 'CHttpException' with message 'Unable to resolve the request "favicon.ico".' in /Users/inso/Sites/33slona.i/framework/web/CWebApplication.php:286
Stack trace:
#0 /Users/inso/Sites/33slona.i/framework/web/CWebApplication.php(141): CWebApplication->runController('favicon.ico')
#1 /Users/inso/Sites/33slona.i/framework/base/CApplication.php(180): CWebApplication->processRequest()
#2 /Users/inso/Sites/33slona.i/index.php(12): CApplication->run()
#3 {main}
REQUEST_URI=/index.php/favicon.ico
---
2014/08/25 18:03:08 [error] [exception.CHttpException.404] exception 'CHttpException' with message 'Unable to resolve the request "css/backend/signin.css".' in /Users/inso/Sites/33slona.i/framework/web/CWebApplication.php:286
Stack trace:
#0 /Users/inso/Sites/33slona.i/framework/web/CWebApplication.php(141): CWebApplication->runController('css/backend/sig...')
#1 /Users/inso/Sites/33slona.i/framework/base/CApplication.php(180): CWebApplication->processRequest()
#2 /Users/inso/Sites/33slona.i/index.php(12): CApplication->run()
#3 {main}
REQUEST_URI=/css/backend/signin.css
HTTP_REFERER=http://33slona.i/index.php/login
---
2014/08/25 18:03:09 [error] [exception.CHttpException.404] exception 'CHttpException' with message 'Unable to resolve the request "css/backend/signin.css".' in /Users/inso/Sites/33slona.i/framework/web/CWebApplication.php:286
Stack trace:
#0 /Users/inso/Sites/33slona.i/framework/web/CWebApplication.php(141): CWebApplication->runController('css/backend/sig...')
#1 /Users/inso/Sites/33slona.i/framework/base/CApplication.php(180): CWebApplication->processRequest()
#2 /Users/inso/Sites/33slona.i/index.php(12): CApplication->run()
#3 {main}
REQUEST_URI=/css/backend/signin.css
HTTP_REFERER=http://33slona.i/index.php/login
---
2014/08/25 18:07:21 [error] [exception.CHttpException.403] exception 'CHttpException' with message 'You are not authorized to perform this action.' in /Users/inso/Sites/33slona.i/framework/web/auth/CAccessControlFilter.php:182
Stack trace:
#0 /Users/inso/Sites/33slona.i/framework/web/auth/CAccessControlFilter.php(145): CAccessControlFilter->accessDenied(Object(CWebUser), 'You are not aut...')
#1 /Users/inso/Sites/33slona.i/framework/web/filters/CFilter.php(38): CAccessControlFilter->preFilter(Object(CFilterChain))
#2 /Users/inso/Sites/33slona.i/framework/web/CController.php(1145): CFilter->filter(Object(CFilterChain))
#3 /Users/inso/Sites/33slona.i/framework/web/filters/CInlineFilter.php(58): CController->filterAccessControl(Object(CFilterChain))
#4 /Users/inso/Sites/33slona.i/framework/web/filters/CFilterChain.php(130): CInlineFilter->filter(Object(CFilterChain))
#5 /Users/inso/Sites/33slona.i/framework/web/CController.php(291): CFilterChain->run()
#6 /Users/inso/Sites/33slona.i/framework/web/CController.php(265): CController->runActionWithFilters(Object(CInlineAction), Array)
#7 /Users/inso/Sites/33slona.i/framework/web/CWebApplication.php(282): CController->run('test')
#8 /Users/inso/Sites/33slona.i/framework/web/CWebApplication.php(141): CWebApplication->runController('tasks/test')
#9 /Users/inso/Sites/33slona.i/framework/base/CApplication.php(180): CWebApplication->processRequest()
#10 /Users/inso/Sites/33slona.i/index.php(12): CApplication->run()
#11 {main}
REQUEST_URI=/tasks/test
---
2014/08/25 18:07:21 [error] [exception.CHttpException.404] exception 'CHttpException' with message 'Unable to resolve the request "css/screen.css".' in /Users/inso/Sites/33slona.i/framework/web/CWebApplication.php:286
Stack trace:
#0 /Users/inso/Sites/33slona.i/framework/web/CWebApplication.php(141): CWebApplication->runController('css/screen.css')
#1 /Users/inso/Sites/33slona.i/framework/base/CApplication.php(180): CWebApplication->processRequest()
#2 /Users/inso/Sites/33slona.i/index.php(12): CApplication->run()
#3 {main}
REQUEST_URI=/css/screen.css
HTTP_REFERER=http://33slona.i/tasks/test
---
2014/08/25 18:07:21 [error] [exception.CHttpException.404] exception 'CHttpException' with message 'Unable to resolve the request "css/form.css".' in /Users/inso/Sites/33slona.i/framework/web/CWebApplication.php:286
Stack trace:
#0 /Users/inso/Sites/33slona.i/framework/web/CWebApplication.php(141): CWebApplication->runController('css/form.css')
#1 /Users/inso/Sites/33slona.i/framework/base/CApplication.php(180): CWebApplication->processRequest()
#2 /Users/inso/Sites/33slona.i/index.php(12): CApplication->run()
#3 {main}
REQUEST_URI=/css/form.css
HTTP_REFERER=http://33slona.i/tasks/test
---
2014/08/25 18:07:21 [error] [exception.CHttpException.404] exception 'CHttpException' with message 'Unable to resolve the request "css/print.css".' in /Users/inso/Sites/33slona.i/framework/web/CWebApplication.php:286
Stack trace:
#0 /Users/inso/Sites/33slona.i/framework/web/CWebApplication.php(141): CWebApplication->runController('css/print.css')
#1 /Users/inso/Sites/33slona.i/framework/base/CApplication.php(180): CWebApplication->processRequest()
#2 /Users/inso/Sites/33slona.i/index.php(12): CApplication->run()
#3 {main}
REQUEST_URI=/css/print.css
HTTP_REFERER=http://33slona.i/tasks/test
---
2014/08/25 18:07:21 [error] [exception.CHttpException.404] exception 'CHttpException' with message 'Unable to resolve the request "css/main.css".' in /Users/inso/Sites/33slona.i/framework/web/CWebApplication.php:286
Stack trace:
#0 /Users/inso/Sites/33slona.i/framework/web/CWebApplication.php(141): CWebApplication->runController('css/main.css')
#1 /Users/inso/Sites/33slona.i/framework/base/CApplication.php(180): CWebApplication->processRequest()
#2 /Users/inso/Sites/33slona.i/index.php(12): CApplication->run()
#3 {main}
REQUEST_URI=/css/main.css
HTTP_REFERER=http://33slona.i/tasks/test
---
2014/08/25 18:24:58 [error] [exception.CHttpException.404] exception 'CHttpException' with message 'Unable to resolve the request "css/non-responsive".' in /Users/inso/Sites/33slona.i/framework/web/CWebApplication.php:286
Stack trace:
#0 /Users/inso/Sites/33slona.i/framework/web/CWebApplication.php(141): CWebApplication->runController('css/non-respons...')
#1 /Users/inso/Sites/33slona.i/framework/base/CApplication.php(180): CWebApplication->processRequest()
#2 /Users/inso/Sites/33slona.i/index.php(12): CApplication->run()
#3 {main}
REQUEST_URI=/css/non-responsive
HTTP_REFERER=http://33slona.i/
---
2014/08/25 22:44:24 [error] [php] preg_match(): Unknown modifier '$' (/Users/inso/Sites/33slona.i/protected/models/Task.php:112)
Stack trace:
#0 /Users/inso/Sites/33slona.i/framework/web/actions/CInlineAction.php(49): TasksController->actionIndex()
#1 /Users/inso/Sites/33slona.i/framework/web/CController.php(308): CInlineAction->runWithParams()
#2 /Users/inso/Sites/33slona.i/framework/web/filters/CFilterChain.php(133): TasksController->runAction()
#3 /Users/inso/Sites/33slona.i/framework/web/filters/CFilter.php(40): CFilterChain->run()
#4 /Users/inso/Sites/33slona.i/framework/web/CController.php(1145): CAccessControlFilter->filter()
#5 /Users/inso/Sites/33slona.i/framework/web/filters/CInlineFilter.php(58): TasksController->filterAccessControl()
#6 /Users/inso/Sites/33slona.i/framework/web/filters/CFilterChain.php(130): CInlineFilter->filter()
#7 /Users/inso/Sites/33slona.i/framework/web/CController.php(291): CFilterChain->run()
#8 /Users/inso/Sites/33slona.i/framework/web/CController.php(265): TasksController->runActionWithFilters()
#9 /Users/inso/Sites/33slona.i/framework/web/CWebApplication.php(282): TasksController->run()
#10 /Users/inso/Sites/33slona.i/framework/web/CWebApplication.php(141): CWebApplication->runController()
#11 /Users/inso/Sites/33slona.i/framework/base/CApplication.php(180): CWebApplication->processRequest()
#12 /Users/inso/Sites/33slona.i/index.php(12): CWebApplication->run()
REQUEST_URI=/
2014/08/25 23:43:40 [error] [php] preg_match(): Compilation failed: missing ) at offset 94 (/Users/inso/Sites/33slona.i/protected/models/Task.php:120)
Stack trace:
#0 /Users/inso/Sites/33slona.i/framework/web/actions/CInlineAction.php(49): TasksController->actionIndex()
#1 /Users/inso/Sites/33slona.i/framework/web/CController.php(308): CInlineAction->runWithParams()
#2 /Users/inso/Sites/33slona.i/framework/web/filters/CFilterChain.php(133): TasksController->runAction()
#3 /Users/inso/Sites/33slona.i/framework/web/filters/CFilter.php(40): CFilterChain->run()
#4 /Users/inso/Sites/33slona.i/framework/web/CController.php(1145): CAccessControlFilter->filter()
#5 /Users/inso/Sites/33slona.i/framework/web/filters/CInlineFilter.php(58): TasksController->filterAccessControl()
#6 /Users/inso/Sites/33slona.i/framework/web/filters/CFilterChain.php(130): CInlineFilter->filter()
#7 /Users/inso/Sites/33slona.i/framework/web/CController.php(291): CFilterChain->run()
#8 /Users/inso/Sites/33slona.i/framework/web/CController.php(265): TasksController->runActionWithFilters()
#9 /Users/inso/Sites/33slona.i/framework/web/CWebApplication.php(282): TasksController->run()
#10 /Users/inso/Sites/33slona.i/framework/web/CWebApplication.php(141): CWebApplication->runController()
#11 /Users/inso/Sites/33slona.i/framework/base/CApplication.php(180): CWebApplication->processRequest()
#12 /Users/inso/Sites/33slona.i/index.php(12): CWebApplication->run()
REQUEST_URI=/
2014/08/25 23:43:41 [error] [php] preg_match(): Compilation failed: missing ) at offset 94 (/Users/inso/Sites/33slona.i/protected/models/Task.php:120)
Stack trace:
#0 /Users/inso/Sites/33slona.i/framework/web/actions/CInlineAction.php(49): TasksController->actionIndex()
#1 /Users/inso/Sites/33slona.i/framework/web/CController.php(308): CInlineAction->runWithParams()
#2 /Users/inso/Sites/33slona.i/framework/web/filters/CFilterChain.php(133): TasksController->runAction()
#3 /Users/inso/Sites/33slona.i/framework/web/filters/CFilter.php(40): CFilterChain->run()
#4 /Users/inso/Sites/33slona.i/framework/web/CController.php(1145): CAccessControlFilter->filter()
#5 /Users/inso/Sites/33slona.i/framework/web/filters/CInlineFilter.php(58): TasksController->filterAccessControl()
#6 /Users/inso/Sites/33slona.i/framework/web/filters/CFilterChain.php(130): CInlineFilter->filter()
#7 /Users/inso/Sites/33slona.i/framework/web/CController.php(291): CFilterChain->run()
#8 /Users/inso/Sites/33slona.i/framework/web/CController.php(265): TasksController->runActionWithFilters()
#9 /Users/inso/Sites/33slona.i/framework/web/CWebApplication.php(282): TasksController->run()
#10 /Users/inso/Sites/33slona.i/framework/web/CWebApplication.php(141): CWebApplication->runController()
#11 /Users/inso/Sites/33slona.i/framework/base/CApplication.php(180): CWebApplication->processRequest()
#12 /Users/inso/Sites/33slona.i/index.php(12): CWebApplication->run()
REQUEST_URI=/
2014/08/26 00:25:21 [error] [php] Undefined offset: 0 (/Users/inso/Sites/33slona.i/protected/models/Task.php:123)
Stack trace:
#0 /Users/inso/Sites/33slona.i/framework/web/CController.php(308): CInlineAction->runWithParams()
#1 /Users/inso/Sites/33slona.i/framework/web/filters/CFilterChain.php(133): TasksController->runAction()
#2 /Users/inso/Sites/33slona.i/framework/web/filters/CFilter.php(40): CFilterChain->run()
#3 /Users/inso/Sites/33slona.i/framework/web/CController.php(1145): CAccessControlFilter->filter()
#4 /Users/inso/Sites/33slona.i/framework/web/filters/CInlineFilter.php(58): TasksController->filterAccessControl()
#5 /Users/inso/Sites/33slona.i/framework/web/filters/CFilterChain.php(130): CInlineFilter->filter()
#6 /Users/inso/Sites/33slona.i/framework/web/CController.php(291): CFilterChain->run()
#7 /Users/inso/Sites/33slona.i/framework/web/CController.php(265): TasksController->runActionWithFilters()
#8 /Users/inso/Sites/33slona.i/framework/web/CWebApplication.php(282): TasksController->run()
#9 /Users/inso/Sites/33slona.i/framework/web/CWebApplication.php(141): CWebApplication->runController()
#10 /Users/inso/Sites/33slona.i/framework/base/CApplication.php(180): CWebApplication->processRequest()
#11 /Users/inso/Sites/33slona.i/index.php(12): CWebApplication->run()
REQUEST_URI=/
2014/08/26 00:35:44 [error] [php] Only variables should be passed by reference (/Users/inso/Sites/33slona.i/protected/models/Task.php:129)
Stack trace:
#0 /Users/inso/Sites/33slona.i/framework/web/CController.php(308): CInlineAction->runWithParams()
#1 /Users/inso/Sites/33slona.i/framework/web/filters/CFilterChain.php(133): TasksController->runAction()
#2 /Users/inso/Sites/33slona.i/framework/web/filters/CFilter.php(40): CFilterChain->run()
#3 /Users/inso/Sites/33slona.i/framework/web/CController.php(1145): CAccessControlFilter->filter()
#4 /Users/inso/Sites/33slona.i/framework/web/filters/CInlineFilter.php(58): TasksController->filterAccessControl()
#5 /Users/inso/Sites/33slona.i/framework/web/filters/CFilterChain.php(130): CInlineFilter->filter()
#6 /Users/inso/Sites/33slona.i/framework/web/CController.php(291): CFilterChain->run()
#7 /Users/inso/Sites/33slona.i/framework/web/CController.php(265): TasksController->runActionWithFilters()
#8 /Users/inso/Sites/33slona.i/framework/web/CWebApplication.php(282): TasksController->run()
#9 /Users/inso/Sites/33slona.i/framework/web/CWebApplication.php(141): CWebApplication->runController()
#10 /Users/inso/Sites/33slona.i/framework/base/CApplication.php(180): CWebApplication->processRequest()
#11 /Users/inso/Sites/33slona.i/index.php(12): CWebApplication->run()
REQUEST_URI=/
2014/08/26 00:35:45 [error] [php] Only variables should be passed by reference (/Users/inso/Sites/33slona.i/protected/models/Task.php:129)
Stack trace:
#0 /Users/inso/Sites/33slona.i/framework/web/CController.php(308): CInlineAction->runWithParams()
#1 /Users/inso/Sites/33slona.i/framework/web/filters/CFilterChain.php(133): TasksController->runAction()
#2 /Users/inso/Sites/33slona.i/framework/web/filters/CFilter.php(40): CFilterChain->run()
#3 /Users/inso/Sites/33slona.i/framework/web/CController.php(1145): CAccessControlFilter->filter()
#4 /Users/inso/Sites/33slona.i/framework/web/filters/CInlineFilter.php(58): TasksController->filterAccessControl()
#5 /Users/inso/Sites/33slona.i/framework/web/filters/CFilterChain.php(130): CInlineFilter->filter()
#6 /Users/inso/Sites/33slona.i/framework/web/CController.php(291): CFilterChain->run()
#7 /Users/inso/Sites/33slona.i/framework/web/CController.php(265): TasksController->runActionWithFilters()
#8 /Users/inso/Sites/33slona.i/framework/web/CWebApplication.php(282): TasksController->run()
#9 /Users/inso/Sites/33slona.i/framework/web/CWebApplication.php(141): CWebApplication->runController()
#10 /Users/inso/Sites/33slona.i/framework/base/CApplication.php(180): CWebApplication->processRequest()
#11 /Users/inso/Sites/33slona.i/index.php(12): CWebApplication->run()
REQUEST_URI=/
2014/08/26 00:35:53 [error] [php] Only variables should be passed by reference (/Users/inso/Sites/33slona.i/protected/models/Task.php:129)
Stack trace:
#0 /Users/inso/Sites/33slona.i/framework/web/CController.php(308): CInlineAction->runWithParams()
#1 /Users/inso/Sites/33slona.i/framework/web/filters/CFilterChain.php(133): TasksController->runAction()
#2 /Users/inso/Sites/33slona.i/framework/web/filters/CFilter.php(40): CFilterChain->run()
#3 /Users/inso/Sites/33slona.i/framework/web/CController.php(1145): CAccessControlFilter->filter()
#4 /Users/inso/Sites/33slona.i/framework/web/filters/CInlineFilter.php(58): TasksController->filterAccessControl()
#5 /Users/inso/Sites/33slona.i/framework/web/filters/CFilterChain.php(130): CInlineFilter->filter()
#6 /Users/inso/Sites/33slona.i/framework/web/CController.php(291): CFilterChain->run()
#7 /Users/inso/Sites/33slona.i/framework/web/CController.php(265): TasksController->runActionWithFilters()
#8 /Users/inso/Sites/33slona.i/framework/web/CWebApplication.php(282): TasksController->run()
#9 /Users/inso/Sites/33slona.i/framework/web/CWebApplication.php(141): CWebApplication->runController()
#10 /Users/inso/Sites/33slona.i/framework/base/CApplication.php(180): CWebApplication->processRequest()
#11 /Users/inso/Sites/33slona.i/index.php(12): CWebApplication->run()
REQUEST_URI=/
2014/08/26 00:35:53 [error] [php] Only variables should be passed by reference (/Users/inso/Sites/33slona.i/protected/models/Task.php:129)
Stack trace:
#0 /Users/inso/Sites/33slona.i/framework/web/CController.php(308): CInlineAction->runWithParams()
#1 /Users/inso/Sites/33slona.i/framework/web/filters/CFilterChain.php(133): TasksController->runAction()
#2 /Users/inso/Sites/33slona.i/framework/web/filters/CFilter.php(40): CFilterChain->run()
#3 /Users/inso/Sites/33slona.i/framework/web/CController.php(1145): CAccessControlFilter->filter()
#4 /Users/inso/Sites/33slona.i/framework/web/filters/CInlineFilter.php(58): TasksController->filterAccessControl()
#5 /Users/inso/Sites/33slona.i/framework/web/filters/CFilterChain.php(130): CInlineFilter->filter()
#6 /Users/inso/Sites/33slona.i/framework/web/CController.php(291): CFilterChain->run()
#7 /Users/inso/Sites/33slona.i/framework/web/CController.php(265): TasksController->runActionWithFilters()
#8 /Users/inso/Sites/33slona.i/framework/web/CWebApplication.php(282): TasksController->run()
#9 /Users/inso/Sites/33slona.i/framework/web/CWebApplication.php(141): CWebApplication->runController()
#10 /Users/inso/Sites/33slona.i/framework/base/CApplication.php(180): CWebApplication->processRequest()
#11 /Users/inso/Sites/33slona.i/index.php(12): CWebApplication->run()
REQUEST_URI=/
2014/08/26 00:36:36 [error] [php] Only variables should be passed by reference (/Users/inso/Sites/33slona.i/protected/models/Task.php:129)
Stack trace:
#0 /Users/inso/Sites/33slona.i/framework/web/CController.php(308): CInlineAction->runWithParams()
#1 /Users/inso/Sites/33slona.i/framework/web/filters/CFilterChain.php(133): TasksController->runAction()
#2 /Users/inso/Sites/33slona.i/framework/web/filters/CFilter.php(40): CFilterChain->run()
#3 /Users/inso/Sites/33slona.i/framework/web/CController.php(1145): CAccessControlFilter->filter()
#4 /Users/inso/Sites/33slona.i/framework/web/filters/CInlineFilter.php(58): TasksController->filterAccessControl()
#5 /Users/inso/Sites/33slona.i/framework/web/filters/CFilterChain.php(130): CInlineFilter->filter()
#6 /Users/inso/Sites/33slona.i/framework/web/CController.php(291): CFilterChain->run()
#7 /Users/inso/Sites/33slona.i/framework/web/CController.php(265): TasksController->runActionWithFilters()
#8 /Users/inso/Sites/33slona.i/framework/web/CWebApplication.php(282): TasksController->run()
#9 /Users/inso/Sites/33slona.i/framework/web/CWebApplication.php(141): CWebApplication->runController()
#10 /Users/inso/Sites/33slona.i/framework/base/CApplication.php(180): CWebApplication->processRequest()
#11 /Users/inso/Sites/33slona.i/index.php(12): CWebApplication->run()
REQUEST_URI=/
2014/08/26 00:36:37 [error] [php] Only variables should be passed by reference (/Users/inso/Sites/33slona.i/protected/models/Task.php:129)
Stack trace:
#0 /Users/inso/Sites/33slona.i/framework/web/CController.php(308): CInlineAction->runWithParams()
#1 /Users/inso/Sites/33slona.i/framework/web/filters/CFilterChain.php(133): TasksController->runAction()
#2 /Users/inso/Sites/33slona.i/framework/web/filters/CFilter.php(40): CFilterChain->run()
#3 /Users/inso/Sites/33slona.i/framework/web/CController.php(1145): CAccessControlFilter->filter()
#4 /Users/inso/Sites/33slona.i/framework/web/filters/CInlineFilter.php(58): TasksController->filterAccessControl()
#5 /Users/inso/Sites/33slona.i/framework/web/filters/CFilterChain.php(130): CInlineFilter->filter()
#6 /Users/inso/Sites/33slona.i/framework/web/CController.php(291): CFilterChain->run()
#7 /Users/inso/Sites/33slona.i/framework/web/CController.php(265): TasksController->runActionWithFilters()
#8 /Users/inso/Sites/33slona.i/framework/web/CWebApplication.php(282): TasksController->run()
#9 /Users/inso/Sites/33slona.i/framework/web/CWebApplication.php(141): CWebApplication->runController()
#10 /Users/inso/Sites/33slona.i/framework/base/CApplication.php(180): CWebApplication->processRequest()
#11 /Users/inso/Sites/33slona.i/index.php(12): CWebApplication->run()
REQUEST_URI=/
2014/08/26 00:36:37 [error] [php] Only variables should be passed by reference (/Users/inso/Sites/33slona.i/protected/models/Task.php:129)
Stack trace:
#0 /Users/inso/Sites/33slona.i/framework/web/CController.php(308): CInlineAction->runWithParams()
#1 /Users/inso/Sites/33slona.i/framework/web/filters/CFilterChain.php(133): TasksController->runAction()
#2 /Users/inso/Sites/33slona.i/framework/web/filters/CFilter.php(40): CFilterChain->run()
#3 /Users/inso/Sites/33slona.i/framework/web/CController.php(1145): CAccessControlFilter->filter()
#4 /Users/inso/Sites/33slona.i/framework/web/filters/CInlineFilter.php(58): TasksController->filterAccessControl()
#5 /Users/inso/Sites/33slona.i/framework/web/filters/CFilterChain.php(130): CInlineFilter->filter()
#6 /Users/inso/Sites/33slona.i/framework/web/CController.php(291): CFilterChain->run()
#7 /Users/inso/Sites/33slona.i/framework/web/CController.php(265): TasksController->runActionWithFilters()
#8 /Users/inso/Sites/33slona.i/framework/web/CWebApplication.php(282): TasksController->run()
#9 /Users/inso/Sites/33slona.i/framework/web/CWebApplication.php(141): CWebApplication->runController()
#10 /Users/inso/Sites/33slona.i/framework/base/CApplication.php(180): CWebApplication->processRequest()
#11 /Users/inso/Sites/33slona.i/index.php(12): CWebApplication->run()
REQUEST_URI=/
2014/08/26 00:37:05 [error] [php] Only variables should be passed by reference (/Users/inso/Sites/33slona.i/protected/models/Task.php:129)
Stack trace:
#0 /Users/inso/Sites/33slona.i/framework/web/CController.php(308): CInlineAction->runWithParams()
#1 /Users/inso/Sites/33slona.i/framework/web/filters/CFilterChain.php(133): TasksController->runAction()
#2 /Users/inso/Sites/33slona.i/framework/web/filters/CFilter.php(40): CFilterChain->run()
#3 /Users/inso/Sites/33slona.i/framework/web/CController.php(1145): CAccessControlFilter->filter()
#4 /Users/inso/Sites/33slona.i/framework/web/filters/CInlineFilter.php(58): TasksController->filterAccessControl()
#5 /Users/inso/Sites/33slona.i/framework/web/filters/CFilterChain.php(130): CInlineFilter->filter()
#6 /Users/inso/Sites/33slona.i/framework/web/CController.php(291): CFilterChain->run()
#7 /Users/inso/Sites/33slona.i/framework/web/CController.php(265): TasksController->runActionWithFilters()
#8 /Users/inso/Sites/33slona.i/framework/web/CWebApplication.php(282): TasksController->run()
#9 /Users/inso/Sites/33slona.i/framework/web/CWebApplication.php(141): CWebApplication->runController()
#10 /Users/inso/Sites/33slona.i/framework/base/CApplication.php(180): CWebApplication->processRequest()
#11 /Users/inso/Sites/33slona.i/index.php(12): CWebApplication->run()
REQUEST_URI=/
2014/08/26 00:37:05 [error] [php] Only variables should be passed by reference (/Users/inso/Sites/33slona.i/protected/models/Task.php:129)
Stack trace:
#0 /Users/inso/Sites/33slona.i/framework/web/CController.php(308): CInlineAction->runWithParams()
#1 /Users/inso/Sites/33slona.i/framework/web/filters/CFilterChain.php(133): TasksController->runAction()
#2 /Users/inso/Sites/33slona.i/framework/web/filters/CFilter.php(40): CFilterChain->run()
#3 /Users/inso/Sites/33slona.i/framework/web/CController.php(1145): CAccessControlFilter->filter()
#4 /Users/inso/Sites/33slona.i/framework/web/filters/CInlineFilter.php(58): TasksController->filterAccessControl()
#5 /Users/inso/Sites/33slona.i/framework/web/filters/CFilterChain.php(130): CInlineFilter->filter()
#6 /Users/inso/Sites/33slona.i/framework/web/CController.php(291): CFilterChain->run()
#7 /Users/inso/Sites/33slona.i/framework/web/CController.php(265): TasksController->runActionWithFilters()
#8 /Users/inso/Sites/33slona.i/framework/web/CWebApplication.php(282): TasksController->run()
#9 /Users/inso/Sites/33slona.i/framework/web/CWebApplication.php(141): CWebApplication->runController()
#10 /Users/inso/Sites/33slona.i/framework/base/CApplication.php(180): CWebApplication->processRequest()
#11 /Users/inso/Sites/33slona.i/index.php(12): CWebApplication->run()
REQUEST_URI=/
2014/08/26 00:37:05 [error] [php] Only variables should be passed by reference (/Users/inso/Sites/33slona.i/protected/models/Task.php:129)
Stack trace:
#0 /Users/inso/Sites/33slona.i/framework/web/CController.php(308): CInlineAction->runWithParams()
#1 /Users/inso/Sites/33slona.i/framework/web/filters/CFilterChain.php(133): TasksController->runAction()
#2 /Users/inso/Sites/33slona.i/framework/web/filters/CFilter.php(40): CFilterChain->run()
#3 /Users/inso/Sites/33slona.i/framework/web/CController.php(1145): CAccessControlFilter->filter()
#4 /Users/inso/Sites/33slona.i/framework/web/filters/CInlineFilter.php(58): TasksController->filterAccessControl()
#5 /Users/inso/Sites/33slona.i/framework/web/filters/CFilterChain.php(130): CInlineFilter->filter()
#6 /Users/inso/Sites/33slona.i/framework/web/CController.php(291): CFilterChain->run()
#7 /Users/inso/Sites/33slona.i/framework/web/CController.php(265): TasksController->runActionWithFilters()
#8 /Users/inso/Sites/33slona.i/framework/web/CWebApplication.php(282): TasksController->run()
#9 /Users/inso/Sites/33slona.i/framework/web/CWebApplication.php(141): CWebApplication->runController()
#10 /Users/inso/Sites/33slona.i/framework/base/CApplication.php(180): CWebApplication->processRequest()
#11 /Users/inso/Sites/33slona.i/index.php(12): CWebApplication->run()
REQUEST_URI=/
2014/08/26 00:37:05 [error] [php] Only variables should be passed by reference (/Users/inso/Sites/33slona.i/protected/models/Task.php:129)
Stack trace:
#0 /Users/inso/Sites/33slona.i/framework/web/CController.php(308): CInlineAction->runWithParams()
#1 /Users/inso/Sites/33slona.i/framework/web/filters/CFilterChain.php(133): TasksController->runAction()
#2 /Users/inso/Sites/33slona.i/framework/web/filters/CFilter.php(40): CFilterChain->run()
#3 /Users/inso/Sites/33slona.i/framework/web/CController.php(1145): CAccessControlFilter->filter()
#4 /Users/inso/Sites/33slona.i/framework/web/filters/CInlineFilter.php(58): TasksController->filterAccessControl()
#5 /Users/inso/Sites/33slona.i/framework/web/filters/CFilterChain.php(130): CInlineFilter->filter()
#6 /Users/inso/Sites/33slona.i/framework/web/CController.php(291): CFilterChain->run()
#7 /Users/inso/Sites/33slona.i/framework/web/CController.php(265): TasksController->runActionWithFilters()
#8 /Users/inso/Sites/33slona.i/framework/web/CWebApplication.php(282): TasksController->run()
#9 /Users/inso/Sites/33slona.i/framework/web/CWebApplication.php(141): CWebApplication->runController()
#10 /Users/inso/Sites/33slona.i/framework/base/CApplication.php(180): CWebApplication->processRequest()
#11 /Users/inso/Sites/33slona.i/index.php(12): CWebApplication->run()
REQUEST_URI=/
2014/08/26 00:58:40 [error] [exception.CHttpException.404] exception 'CHttpException' with message 'Unable to resolve the request "favicon.ico".' in /Users/inso/Sites/33slona.i/framework/web/CWebApplication.php:286
Stack trace:
#0 /Users/inso/Sites/33slona.i/framework/web/CWebApplication.php(141): CWebApplication->runController('favicon.ico')
#1 /Users/inso/Sites/33slona.i/framework/base/CApplication.php(180): CWebApplication->processRequest()
#2 /Users/inso/Sites/33slona.i/index.php(12): CApplication->run()
#3 {main}
REQUEST_URI=/index.php/favicon.ico
---
2014/08/26 00:58:43 [error] [exception.CHttpException.404] exception 'CHttpException' with message 'Unable to resolve the request "favicon.ico".' in /Users/inso/Sites/33slona.i/framework/web/CWebApplication.php:286
Stack trace:
#0 /Users/inso/Sites/33slona.i/framework/web/CWebApplication.php(141): CWebApplication->runController('favicon.ico')
#1 /Users/inso/Sites/33slona.i/framework/base/CApplication.php(180): CWebApplication->processRequest()
#2 /Users/inso/Sites/33slona.i/index.php(12): CApplication->run()
#3 {main}
REQUEST_URI=/favicon.ico
---
2014/08/26 00:58:43 [error] [exception.CHttpException.404] exception 'CHttpException' with message 'Unable to resolve the request "favicon.ico".' in /Users/inso/Sites/33slona.i/framework/web/CWebApplication.php:286
Stack trace:
#0 /Users/inso/Sites/33slona.i/framework/web/CWebApplication.php(141): CWebApplication->runController('favicon.ico')
#1 /Users/inso/Sites/33slona.i/framework/base/CApplication.php(180): CWebApplication->processRequest()
#2 /Users/inso/Sites/33slona.i/index.php(12): CApplication->run()
#3 {main}
REQUEST_URI=/favicon.ico
---
2014/08/26 01:01:21 [error] [exception.CException] exception 'CException' with message 'CClientScript and its behaviors do not have a method or closure named "registerJsFile".' in /Users/inso/Sites/33slona.i/framework/base/CComponent.php:266
Stack trace:
#0 /Users/inso/Sites/33slona.i/protected/controllers/TasksController.php(35): CComponent->__call('registerJsFile', Array)
#1 /Users/inso/Sites/33slona.i/protected/controllers/TasksController.php(35): CClientScript->registerJsFile('/js/task_manage...', 'screen, project...')
#2 /Users/inso/Sites/33slona.i/framework/web/actions/CInlineAction.php(49): TasksController->actionIndex()
#3 /Users/inso/Sites/33slona.i/framework/web/CController.php(308): CInlineAction->runWithParams(Array)
#4 /Users/inso/Sites/33slona.i/framework/web/filters/CFilterChain.php(133): CController->runAction(Object(CInlineAction))
#5 /Users/inso/Sites/33slona.i/framework/web/filters/CFilter.php(40): CFilterChain->run()
#6 /Users/inso/Sites/33slona.i/framework/web/CController.php(1145): CFilter->filter(Object(CFilterChain))
#7 /Users/inso/Sites/33slona.i/framework/web/filters/CInlineFilter.php(58): CController->filterAccessControl(Object(CFilterChain))
#8 /Users/inso/Sites/33slona.i/framework/web/filters/CFilterChain.php(130): CInlineFilter->filter(Object(CFilterChain))
#9 /Users/inso/Sites/33slona.i/framework/web/CController.php(291): CFilterChain->run()
#10 /Users/inso/Sites/33slona.i/framework/web/CController.php(265): CController->runActionWithFilters(Object(CInlineAction), Array)
#11 /Users/inso/Sites/33slona.i/framework/web/CWebApplication.php(282): CController->run('')
#12 /Users/inso/Sites/33slona.i/framework/web/CWebApplication.php(141): CWebApplication->runController('')
#13 /Users/inso/Sites/33slona.i/framework/base/CApplication.php(180): CWebApplication->processRequest()
#14 /Users/inso/Sites/33slona.i/index.php(12): CApplication->run()
#15 {main}
REQUEST_URI=/
HTTP_REFERER=http://33slona.i/index.php/login
---
2014/08/26 01:01:58 [error] [exception.CException] exception 'CException' with message 'CClientScript and its behaviors do not have a method or closure named "registerJsSc".' in /Users/inso/Sites/33slona.i/framework/base/CComponent.php:266
Stack trace:
#0 /Users/inso/Sites/33slona.i/protected/controllers/TasksController.php(35): CComponent->__call('registerJsSc', Array)
#1 /Users/inso/Sites/33slona.i/protected/controllers/TasksController.php(35): CClientScript->registerJsSc('/js/task_manage...', 'screen, project...')
#2 /Users/inso/Sites/33slona.i/framework/web/actions/CInlineAction.php(49): TasksController->actionIndex()
#3 /Users/inso/Sites/33slona.i/framework/web/CController.php(308): CInlineAction->runWithParams(Array)
#4 /Users/inso/Sites/33slona.i/framework/web/filters/CFilterChain.php(133): CController->runAction(Object(CInlineAction))
#5 /Users/inso/Sites/33slona.i/framework/web/filters/CFilter.php(40): CFilterChain->run()
#6 /Users/inso/Sites/33slona.i/framework/web/CController.php(1145): CFilter->filter(Object(CFilterChain))
#7 /Users/inso/Sites/33slona.i/framework/web/filters/CInlineFilter.php(58): CController->filterAccessControl(Object(CFilterChain))
#8 /Users/inso/Sites/33slona.i/framework/web/filters/CFilterChain.php(130): CInlineFilter->filter(Object(CFilterChain))
#9 /Users/inso/Sites/33slona.i/framework/web/CController.php(291): CFilterChain->run()
#10 /Users/inso/Sites/33slona.i/framework/web/CController.php(265): CController->runActionWithFilters(Object(CInlineAction), Array)
#11 /Users/inso/Sites/33slona.i/framework/web/CWebApplication.php(282): CController->run('')
#12 /Users/inso/Sites/33slona.i/framework/web/CWebApplication.php(141): CWebApplication->runController('')
#13 /Users/inso/Sites/33slona.i/framework/base/CApplication.php(180): CWebApplication->processRequest()
#14 /Users/inso/Sites/33slona.i/index.php(12): CApplication->run()
#15 {main}
REQUEST_URI=/
HTTP_REFERER=http://33slona.i/index.php/login
---
2014/08/26 01:01:59 [error] [exception.CException] exception 'CException' with message 'CClientScript and its behaviors do not have a method or closure named "registerJsSc".' in /Users/inso/Sites/33slona.i/framework/base/CComponent.php:266
Stack trace:
#0 /Users/inso/Sites/33slona.i/protected/controllers/TasksController.php(35): CComponent->__call('registerJsSc', Array)
#1 /Users/inso/Sites/33slona.i/protected/controllers/TasksController.php(35): CClientScript->registerJsSc('/js/task_manage...', 'screen, project...')
#2 /Users/inso/Sites/33slona.i/framework/web/actions/CInlineAction.php(49): TasksController->actionIndex()
#3 /Users/inso/Sites/33slona.i/framework/web/CController.php(308): CInlineAction->runWithParams(Array)
#4 /Users/inso/Sites/33slona.i/framework/web/filters/CFilterChain.php(133): CController->runAction(Object(CInlineAction))
#5 /Users/inso/Sites/33slona.i/framework/web/filters/CFilter.php(40): CFilterChain->run()
#6 /Users/inso/Sites/33slona.i/framework/web/CController.php(1145): CFilter->filter(Object(CFilterChain))
#7 /Users/inso/Sites/33slona.i/framework/web/filters/CInlineFilter.php(58): CController->filterAccessControl(Object(CFilterChain))
#8 /Users/inso/Sites/33slona.i/framework/web/filters/CFilterChain.php(130): CInlineFilter->filter(Object(CFilterChain))
#9 /Users/inso/Sites/33slona.i/framework/web/CController.php(291): CFilterChain->run()
#10 /Users/inso/Sites/33slona.i/framework/web/CController.php(265): CController->runActionWithFilters(Object(CInlineAction), Array)
#11 /Users/inso/Sites/33slona.i/framework/web/CWebApplication.php(282): CController->run('')
#12 /Users/inso/Sites/33slona.i/framework/web/CWebApplication.php(141): CWebApplication->runController('')
#13 /Users/inso/Sites/33slona.i/framework/base/CApplication.php(180): CWebApplication->processRequest()
#14 /Users/inso/Sites/33slona.i/index.php(12): CApplication->run()
#15 {main}
REQUEST_URI=/
HTTP_REFERER=http://33slona.i/index.php/login
---
2014/08/26 01:04:28 [error] [exception.CHttpException.403] exception 'CHttpException' with message 'You are not authorized to perform this action.' in /Users/inso/Sites/33slona.i/framework/web/auth/CAccessControlFilter.php:182
Stack trace:
#0 /Users/inso/Sites/33slona.i/framework/web/auth/CAccessControlFilter.php(145): CAccessControlFilter->accessDenied(Object(CWebUser), 'You are not aut...')
#1 /Users/inso/Sites/33slona.i/framework/web/filters/CFilter.php(38): CAccessControlFilter->preFilter(Object(CFilterChain))
#2 /Users/inso/Sites/33slona.i/framework/web/CController.php(1145): CFilter->filter(Object(CFilterChain))
#3 /Users/inso/Sites/33slona.i/framework/web/filters/CInlineFilter.php(58): CController->filterAccessControl(Object(CFilterChain))
#4 /Users/inso/Sites/33slona.i/framework/web/filters/CFilterChain.php(130): CInlineFilter->filter(Object(CFilterChain))
#5 /Users/inso/Sites/33slona.i/framework/web/CController.php(291): CFilterChain->run()
#6 /Users/inso/Sites/33slona.i/framework/web/CController.php(265): CController->runActionWithFilters(Object(CInlineAction), Array)
#7 /Users/inso/Sites/33slona.i/framework/web/CWebApplication.php(282): CController->run('load')
#8 /Users/inso/Sites/33slona.i/framework/web/CWebApplication.php(141): CWebApplication->runController('tasks/load')
#9 /Users/inso/Sites/33slona.i/framework/base/CApplication.php(180): CWebApplication->processRequest()
#10 /Users/inso/Sites/33slona.i/index.php(12): CApplication->run()
#11 {main}
REQUEST_URI=/tasks/load
HTTP_REFERER=http://33slona.i/
---
2014/08/26 01:04:29 [error] [exception.CHttpException.403] exception 'CHttpException' with message 'You are not authorized to perform this action.' in /Users/inso/Sites/33slona.i/framework/web/auth/CAccessControlFilter.php:182
Stack trace:
#0 /Users/inso/Sites/33slona.i/framework/web/auth/CAccessControlFilter.php(145): CAccessControlFilter->accessDenied(Object(CWebUser), 'You are not aut...')
#1 /Users/inso/Sites/33slona.i/framework/web/filters/CFilter.php(38): CAccessControlFilter->preFilter(Object(CFilterChain))
#2 /Users/inso/Sites/33slona.i/framework/web/CController.php(1145): CFilter->filter(Object(CFilterChain))
#3 /Users/inso/Sites/33slona.i/framework/web/filters/CInlineFilter.php(58): CController->filterAccessControl(Object(CFilterChain))
#4 /Users/inso/Sites/33slona.i/framework/web/filters/CFilterChain.php(130): CInlineFilter->filter(Object(CFilterChain))
#5 /Users/inso/Sites/33slona.i/framework/web/CController.php(291): CFilterChain->run()
#6 /Users/inso/Sites/33slona.i/framework/web/CController.php(265): CController->runActionWithFilters(Object(CInlineAction), Array)
#7 /Users/inso/Sites/33slona.i/framework/web/CWebApplication.php(282): CController->run('load')
#8 /Users/inso/Sites/33slona.i/framework/web/CWebApplication.php(141): CWebApplication->runController('tasks/load')
#9 /Users/inso/Sites/33slona.i/framework/base/CApplication.php(180): CWebApplication->processRequest()
#10 /Users/inso/Sites/33slona.i/index.php(12): CApplication->run()
#11 {main}
REQUEST_URI=/tasks/load
HTTP_REFERER=http://33slona.i/
---
